<?xml version="1.0" encoding="UTF-8"?>
<testsuite xmlns:xsi="http://www.w3.org/2001/XMLSchema-instance" xsi:noNamespaceSchemaLocation="https://maven.apache.org/surefire/maven-surefire-plugin/xsd/surefire-test-report.xsd" version="3.0.2" name="com.fredfmelo.inventoryservice.InventoryserviceApplicationTests" time="2.669" tests="1" errors="0" skipped="0" failures="0">
  <properties>
[...]
</properties>
  <testcase name="contextLoads" classname="com.fredfmelo.inventoryservice.InventoryserviceApplicationTests" time="0.3">
    <system-out><![CDATA[Standard Commons Logging discovery in action with spring-jcl: please remove commons-logging.jar from classpath in order to avoid potential conflicts
09:48:24.951 [main] INFO org.springframework.test.context.support.AnnotationConfigContextLoaderUtils -- Could not detect default configuration classes for test class [com.fredfmelo.inventoryservice.InventoryserviceApplicationTests]: InventoryserviceApplicationTests does not declare any static, non-private, non-final, nested classes annotated with @Configuration.
09:48:24.987 [main] INFO org.springframework.boot.test.context.SpringBootTestContextBootstrapper -- Found @SpringBootConfiguration com.fredfmelo.inventoryservice.InventoryserviceApplication for test class com.fredfmelo.inventoryservice.InventoryserviceApplicationTests

  .   ____          _            __ _ _
 /\\ / ___'_ __ _ _(_)_ __  __ _ \ \ \ \
( ( )\___ | '_ | '_| | '_ \/ _` | \ \ \ \
 \\/  ___)| |_)| | | | | || (_| |  ) ) ) )
  '  |____| .__|_| |_|_| |_\__, | / / / /
 =========|_|==============|___/=/_/_/_/

 :: Spring Boot ::                (v3.5.6)

2026-05-25T09:48:25.141-03:00  INFO 24260 --- [order-service] [           main] c.f.i.InventoryserviceApplicationTests   : Starting InventoryserviceApplicationTests using Java 26.0.1 with PID 24260 (started by fredfmelo in /Users/fredfmelo/Projects/inventory-service)
2026-05-25T09:48:25.142-03:00  INFO 24260 --- [order-service] [           main] c.f.i.InventoryserviceApplicationTests   : No active profile set, falling back to 1 default profile: "default"
2026-05-25T09:48:27.257-03:00  INFO 24260 --- [order-service] [ecycle-thread-1] a.c.s.l.AbstractMessageListenerContainer : Container io.awspring.cloud.sqs.sqsListenerEndpointContainer#0 started
2026-05-25T09:48:27.263-03:00  INFO 24260 --- [order-service] [           main] c.f.i.InventoryserviceApplicationTests   : Started InventoryserviceApplicationTests in 2.227 seconds (process running for 2.529)
]]></system-out>
    <system-err><![CDATA[Mockito is currently self-attaching to enable the inline-mock-maker. This will no longer work in future releases of the JDK. Please add Mockito as an agent to your build as described in Mockito's documentation: https://javadoc.io/doc/org.mockito/mockito-core/latest/org.mockito/org/mockito/Mockito.html#0.3
WARNING: A Java agent has been loaded dynamically (/Users/fredfmelo/.m2/repository/net/bytebuddy/byte-buddy-agent/1.17.7/byte-buddy-agent-1.17.7.jar)
WARNING: If a serviceability tool is in use, please run with -XX:+EnableDynamicAgentLoading to hide this warning
WARNING: If a serviceability tool is not in use, please run with -Djdk.instrument.traceUsage for more information
WARNING: Dynamic loading of agents will be disallowed by default in a future release
]]></system-err>
  </testcase>
</testsuite>